drwxr-xr-x  13 benny  staff    416  9 21 06:59 Assets
drwxr-xr-x   7 benny  staff    224  9 25 21:41 Gege
drwxr-xr-x  29 benny  staff    928  9 29 21:38 Library
drwxr-xr-x   3 benny  staff     96  9 13 22:29 Logs
drwxr-xr-x   3 benny  staff     96  9 13 22:29 Packages
drwxr-xr-x  20 benny  staff    640  9 22 14:17 ProjectSettings
drwxr-xr-x  11 benny  staff    352  9 27 23:51 Publish
drwxr-xr-x  25 benny  staff    800  9 26 22:05 ZP.Lib
drwxr-xr-x  22 benny  staff    704  9 26 21:42 ZP.Matrix
drwxr-xr-x  13 benny  staff    416  9 30 21:39 ZP.Server.Demo
drwxr-xr-x  13 benny  staff    416  9 29 21:38 ZP.WebServer.Demo
drwxr-xr-x   3 benny  staff     96  8 16 00:26 obj
drwxr-xr-x  13 benny  staff    416  9 21 06:59 Assets
drwxr-xr-x   7 benny  staff    224  9 25 21:41 Gege
drwxr-xr-x  29 benny  staff    928  9 29 21:38 Library
drwxr-xr-x   3 benny  staff     96  9 13 22:29 Logs
drwxr-xr-x   3 benny  staff     96  9 13 22:29 Packages
drwxr-xr-x  20 benny  staff    640  9 22 14:17 ProjectSettings
drwxr-xr-x  11 benny  staff    352  9 27 23:51 Publish
drwxr-xr-x  25 benny  staff    800  9 26 22:05 ZP.Lib
drwxr-xr-x  22 benny  staff    704  9 26 21:42 ZP.Matrix
drwxr-xr-x  13 benny  staff    416  9 30 21:39 ZP.Server.Demo
drwxr-xr-x  13 benny  staff    416  9 29 21:38 ZP.WebServer.Demo
drwxr-xr-x   3 benny  staff     96  8 16 00:26 obj
